Added Component: Designator=CON1(ARK3)
Add component. Clean all parameters for all variants
Added Component: Designator=CON2(ARK4)
Add component. Clean all parameters for all variants
Added Component: Designator=J3(0022057055)
Add component. Clean all parameters for all variants
Add component (AddParameter): Name = "Arrow Part Number"; Value = "0022057055"; VariantName = "[No Variations]"
Add component (AddParameter): Name = "Arrow Price/Stock"; Value = ""; VariantName = "[No Variations]"
Add component (AddParameter): Name = "Datasheet Link"; Value = "https://www.molex.com/pdm_docs/sd/022057055_sd.pdf"; VariantName = "[No Variations]"
Add component (AddParameter): Name = "Height"; Value = "5.1mm"; VariantName = "[No Variations]"
Add component (AddParameter): Name = "Manufacturer_Name"; Value = "Molex"; VariantName = "[No Variations]"
Add component (AddParameter): Name = "Manufacturer_Part_Number"; Value = "0022057055"; VariantName = "[No Variations]"
Add component (AddParameter): Name = "Mouser Part Number"; Value = "N/A"; VariantName = "[No Variations]"
Add component (AddParameter): Name = "Mouser Price/Stock"; Value = "https://www.mouser.com/Search/Refine.aspx?Keyword=N%2FA"; VariantName = "[No Variations]"
Added Component: Designator=J9(SAMTEC-BCS-120-X-S-TE)
Add component. Clean all parameters for all variants
Add component (AddParameter): Name = "Availability"; Value = "Unavailable"; VariantName = "[No Variations]"
Add component (AddParameter): Name = "MF"; Value = "Samtec"; VariantName = "[No Variations]"
Add component (AddParameter): Name = "MP"; Value = "BCS-120-S-S-TE"; VariantName = "[No Variations]"
Add component (AddParameter): Name = "Package"; Value = "None"; VariantName = "[No Variations]"
Add component (AddParameter): Name = "Price"; Value = "None"; VariantName = "[No Variations]"
Add component (AddParameter): Name = "SnapEDA_Link"; Value = "https://www.snapeda.com/parts/BCS-120-S-S-TE/Samtec/view-part/2820457/?ref=snap"; VariantName = "[No Variations]"
Add component (AddParameter): Name = "Value"; Value = ""; VariantName = "[No Variations]"
Added Component: Designator=J10(SAMTEC-BCS-120-X-S-TE)
Add component. Clean all parameters for all variants
Add component (AddParameter): Name = "Availability"; Value = "Unavailable"; VariantName = "[No Variations]"
Add component (AddParameter): Name = "MF"; Value = "Samtec"; VariantName = "[No Variations]"
Add component (AddParameter): Name = "MP"; Value = "BCS-120-S-S-TE"; VariantName = "[No Variations]"
Add component (AddParameter): Name = "Package"; Value = "None"; VariantName = "[No Variations]"
Add component (AddParameter): Name = "Price"; Value = "None"; VariantName = "[No Variations]"
Add component (AddParameter): Name = "SnapEDA_Link"; Value = "https://www.snapeda.com/parts/BCS-120-S-S-TE/Samtec/view-part/2820457/?ref=snap"; VariantName = "[No Variations]"
Add component (AddParameter): Name = "Value"; Value = ""; VariantName = "[No Variations]"
Added Pin To Net: NetName=+1V8 Pin=CON2-2
Added Pin To Net: NetName=+1V8 Pin=J10-4
Added Net: Name=+1V8
Added Pin To Net: NetName=+3V3 Pin=CON2-3
Added Pin To Net: NetName=+3V3 Pin=J9-1
Added Pin To Net: NetName=+3V3 Pin=J9-17
Added Pin To Net: NetName=+3V3 Pin=J10-2
Added Pin To Net: NetName=+3V3 Pin=J10-2
Added Net: Name=+3V3
Added Pin To Net: NetName=+5V Pin=CON2-4
Added Pin To Net: NetName=+5V Pin=J9-2
Added Pin To Net: NetName=+5V Pin=J9-2
Added Pin To Net: NetName=+5V Pin=J9-4
Added Pin To Net: NetName=+5V Pin=J10-8
Added Net: Name=+5V
Added Pin To Net: NetName=CANStand Pin=CON1-2
Added Pin To Net: NetName=CANStand Pin=J10-13
Added Net: Name=CANStand
Added Pin To Net: NetName=CANWake Pin=CON1-1
Added Pin To Net: NetName=CANWake Pin=J10-1
Added Net: Name=CANWake
Added Pin To Net: NetName=CLK0 Pin=J9-5
Added Net: Name=CLK0
Added Pin To Net: NetName=CLK1 Pin=J9-27
Added Net: Name=CLK1
Added Pin To Net: NetName=CLK2 Pin=J10-12
Added Net: Name=CLK2
Added Pin To Net: NetName=CLK3 Pin=J10-18
Added Net: Name=CLK3
Added Pin To Net: NetName=CS Pin=J9-24
Added Net: Name=CS
Added Pin To Net: NetName=CTS Pin=J3-4
Added Net: Name=CTS
Added Pin To Net: NetName=DAT0 Pin=J9-3
Added Net: Name=DAT0
Added Pin To Net: NetName=DAT1 Pin=J9-28
Added Net: Name=DAT1
Added Pin To Net: NetName=DAT2 Pin=J10-14
Added Net: Name=DAT2
Added Pin To Net: NetName=DAT3 Pin=J10-20
Added Net: Name=DAT3
Added Pin To Net: NetName=ERR_C0 Pin=J10-9
Added Net: Name=ERR_C0
Added Pin To Net: NetName=ERR_C1 Pin=J10-19
Added Net: Name=ERR_C1
Added Pin To Net: NetName=GND Pin=CON2-1
Added Pin To Net: NetName=GND Pin=J3-5
Added Pin To Net: NetName=GND Pin=J9-6
Added Pin To Net: NetName=GND Pin=J9-9
Added Pin To Net: NetName=GND Pin=J9-14
Added Pin To Net: NetName=GND Pin=J9-20
Added Pin To Net: NetName=GND Pin=J9-25
Added Pin To Net: NetName=GND Pin=J9-30
Added Pin To Net: NetName=GND Pin=J10-10
Added Pin To Net: NetName=GND Pin=J10-11
Added Pin To Net: NetName=GND Pin=J10-21
Added Pin To Net: NetName=GND Pin=J10-28
Added Net: Name=GND
Added Pin To Net: NetName=MISO Pin=J9-21
Added Net: Name=MISO
Added Pin To Net: NetName=MOSI Pin=J9-19
Added Net: Name=MOSI
Added Pin To Net: NetName=RTS Pin=J3-3
Added Pin To Net: NetName=RTS Pin=J9-11
Added Net: Name=RTS
Added Pin To Net: NetName=RX_C0 Pin=J10-5
Added Net: Name=RX_C0
Added Pin To Net: NetName=RX_C1 Pin=J10-15
Added Net: Name=RX_C1
Added Pin To Net: NetName=RX Pin=J3-2
Added Pin To Net: NetName=RX Pin=J9-10
Added Net: Name=RX
Added Pin To Net: NetName=SC Pin=J9-23
Added Net: Name=SC
Added Pin To Net: NetName=SLEEP Pin=CON1-3
Added Pin To Net: NetName=SLEEP Pin=J10-22
Added Net: Name=SLEEP
Added Pin To Net: NetName=TX_C0 Pin=J10-7
Added Net: Name=TX_C0
Added Pin To Net: NetName=TX_C1 Pin=J10-17
Added Net: Name=TX_C1
Added Pin To Net: NetName=TX Pin=J3-1
Added Pin To Net: NetName=TX Pin=J9-8
Added Net: Name=TX
Added Class: Name=2002A
Added Room: Name=2002A
